2023-07-25 15:07:634 INFO  StartPage :22 - Clicking on start button : [[ChromeDriver: chrome on windows (065f55de0b109a33d3c7bfb7ab99d158)] -> xpath: //a[@class='gem-c-button govuk-button govuk-button--start']]
2023-07-25 15:07:919 INFO  SelectNationalityPage :25 - Select nationalityAustraliafrom dropdown [[ChromeDriver: chrome on windows (065f55de0b109a33d3c7bfb7ab99d158)] -> xpath: //select[@id='response']]
2023-07-25 15:07:233 INFO  SelectNationalityPage :29 - Clicking on next step button : [[ChromeDriver: chrome on windows (065f55de0b109a33d3c7bfb7ab99d158)] -> xpath: //button[contains(text(),'Continue')]]
2023-07-25 15:07:437 INFO  ReasonForTravelPage :36 - Choose reason for visit is Tourism and family : [[ChromeDriver: chrome on windows (065f55de0b109a33d3c7bfb7ab99d158)] -> xpath: //input[@id='response-0']]
2023-07-25 15:07:694 INFO  SelectNationalityPage :29 - Clicking on next step button : [[ChromeDriver: chrome on windows (065f55de0b109a33d3c7bfb7ab99d158)] -> xpath: //button[contains(text(),'Continue')]]
2023-07-25 15:07:848 INFO  ResultPage :29 - Getting result from : You will not need a visa to come to the UK
2023-07-25 15:07:118 INFO  StartPage :22 - Clicking on start button : [[ChromeDriver: chrome on windows (498a11a6dee616e6bbdbf5bf29595075)] -> xpath: //a[@class='gem-c-button govuk-button govuk-button--start']]
2023-07-25 15:07:376 INFO  SelectNationalityPage :25 - Select nationalityChilefrom dropdown [[ChromeDriver: chrome on windows (498a11a6dee616e6bbdbf5bf29595075)] -> xpath: //select[@id='response']]
2023-07-25 15:07:875 INFO  SelectNationalityPage :29 - Clicking on next step button : [[ChromeDriver: chrome on windows (498a11a6dee616e6bbdbf5bf29595075)] -> xpath: //button[contains(text(),'Continue')]]
2023-07-25 15:07:28 INFO  ReasonForTravelPage :41 - Choose reason for visit is Academic : [[ChromeDriver: chrome on windows (498a11a6dee616e6bbdbf5bf29595075)] -> xpath: //input[@id='response-1']]
2023-07-25 15:07:310 INFO  ReasonForTravelPage :51 - Clicking on next step button : [[ChromeDriver: chrome on windows (498a11a6dee616e6bbdbf5bf29595075)] -> xpath: //button[contains(text(),'Continue')]]
2023-07-25 15:07:556 INFO  DurationOfStayPage :42 - Select length of staymore[[ChromeDriver: chrome on windows (498a11a6dee616e6bbdbf5bf29595075)] -> xpath: //input[@id='response-1']]
2023-07-25 15:07:837 INFO  DurationOfStayPage :47 - Clicking on nextStepButton link : [[ChromeDriver: chrome on windows (498a11a6dee616e6bbdbf5bf29595075)] -> xpath: //button[contains(text(),'Continue')]]
2023-07-25 15:07:94 INFO  WorkTypePage :23 - Select health and care provision : [[ChromeDriver: chrome on windows (498a11a6dee616e6bbdbf5bf29595075)] -> xpath: //input[@id='response-0']]
2023-07-25 15:07:414 INFO  WorkTypePage :25 - Clicking on next step button : [[ChromeDriver: chrome on windows (498a11a6dee616e6bbdbf5bf29595075)] -> xpath: //button[contains(text(),'Continue')]]
2023-07-25 15:07:633 INFO  ResultPage :36 - Getting result from : You need a visa to work in health and care
2023-07-25 15:07:493 INFO  StartPage :22 - Clicking on start button : [[ChromeDriver: chrome on windows (5c0db623b57f1b447b089e8085e859d2)] -> xpath: //a[@class='gem-c-button govuk-button govuk-button--start']]
2023-07-25 15:07:747 INFO  SelectNationalityPage :25 - Select nationalityChinafrom dropdown [[ChromeDriver: chrome on windows (5c0db623b57f1b447b089e8085e859d2)] -> xpath: //select[@id='response']]
2023-07-25 15:07:47 INFO  SelectNationalityPage :29 - Clicking on next step button : [[ChromeDriver: chrome on windows (5c0db623b57f1b447b089e8085e859d2)] -> xpath: //button[contains(text(),'Continue')]]
2023-07-25 15:07:319 INFO  ReasonForTravelPage :46 - Choose reason for visit is join partner and family : [[ChromeDriver: chrome on windows (5c0db623b57f1b447b089e8085e859d2)] -> xpath: //input[@id='response-4']]
2023-07-25 15:07:599 INFO  ReasonForTravelPage :51 - Clicking on next step button : [[ChromeDriver: chrome on windows (5c0db623b57f1b447b089e8085e859d2)] -> xpath: //button[contains(text(),'Continue')]]
2023-07-25 15:07:848 INFO  FamilyImmigrationStatusPage :40 - Select Immigration statusyesclick on checkBox[[ChromeDriver: chrome on windows (5c0db623b57f1b447b089e8085e859d2)] -> xpath: //input[@id='response-0']]
2023-07-25 15:07:145 INFO  FamilyImmigrationStatusPage :28 - Clicking on next step button : [[ChromeDriver: chrome on windows (5c0db623b57f1b447b089e8085e859d2)] -> xpath: //button[contains(text(),'Continue')]]
2023-07-25 15:07:373 INFO  ResultPage :45 - Getting result from : You’ll need a visa to join your family or partner in the UK
2023-07-25 15:07:241 INFO  StartPage :22 - Clicking on start button : [[ChromeDriver: chrome on windows (df33e8519a76d7206aff589717832aed)] -> xpath: //a[@class='gem-c-button govuk-button govuk-button--start']]
2023-07-25 15:07:474 INFO  SelectNationalityPage :25 - Select nationalityAustraliafrom dropdown [[ChromeDriver: chrome on windows (df33e8519a76d7206aff589717832aed)] -> xpath: //select[@id='response']]
2023-07-25 15:07:723 INFO  SelectNationalityPage :29 - Clicking on next step button : [[ChromeDriver: chrome on windows (df33e8519a76d7206aff589717832aed)] -> xpath: //button[contains(text(),'Continue')]]
2023-07-25 15:07:869 INFO  ReasonForTravelPage :36 - Choose reason for visit is Tourism and family : [[ChromeDriver: chrome on windows (df33e8519a76d7206aff589717832aed)] -> xpath: //input[@id='response-0']]
2023-07-25 15:07:27 INFO  SelectNationalityPage :29 - Clicking on next step button : [[ChromeDriver: chrome on windows (df33e8519a76d7206aff589717832aed)] -> xpath: //button[contains(text(),'Continue')]]
2023-07-25 15:07:191 INFO  ResultPage :29 - Getting result from : You will not need a visa to come to the UK
2023-07-25 15:07:238 INFO  StartPage :22 - Clicking on start button : [[ChromeDriver: chrome on windows (daebd12f765f8874613a9b6e68075524)] -> xpath: //a[@class='gem-c-button govuk-button govuk-button--start']]
2023-07-25 15:07:478 INFO  SelectNationalityPage :25 - Select nationalityChilefrom dropdown [[ChromeDriver: chrome on windows (daebd12f765f8874613a9b6e68075524)] -> xpath: //select[@id='response']]
2023-07-25 15:07:781 INFO  SelectNationalityPage :29 - Clicking on next step button : [[ChromeDriver: chrome on windows (daebd12f765f8874613a9b6e68075524)] -> xpath: //button[contains(text(),'Continue')]]
2023-07-25 15:07:913 INFO  ReasonForTravelPage :41 - Choose reason for visit is Academic : [[ChromeDriver: chrome on windows (daebd12f765f8874613a9b6e68075524)] -> xpath: //input[@id='response-1']]
2023-07-25 15:07:138 INFO  ReasonForTravelPage :51 - Clicking on next step button : [[ChromeDriver: chrome on windows (daebd12f765f8874613a9b6e68075524)] -> xpath: //button[contains(text(),'Continue')]]
2023-07-25 15:07:233 INFO  DurationOfStayPage :42 - Select length of staymore[[ChromeDriver: chrome on windows (daebd12f765f8874613a9b6e68075524)] -> xpath: //input[@id='response-1']]
2023-07-25 15:07:361 INFO  DurationOfStayPage :47 - Clicking on nextStepButton link : [[ChromeDriver: chrome on windows (daebd12f765f8874613a9b6e68075524)] -> xpath: //button[contains(text(),'Continue')]]
2023-07-25 15:07:521 INFO  WorkTypePage :23 - Select health and care provision : [[ChromeDriver: chrome on windows (daebd12f765f8874613a9b6e68075524)] -> xpath: //input[@id='response-0']]
2023-07-25 15:07:644 INFO  WorkTypePage :25 - Clicking on next step button : [[ChromeDriver: chrome on windows (daebd12f765f8874613a9b6e68075524)] -> xpath: //button[contains(text(),'Continue')]]
2023-07-25 15:07:784 INFO  ResultPage :36 - Getting result from : You need a visa to work in health and care
